{"C:\\Users\\Guilherme Volney\\Documents\\desafio-wisepay-v2\\src\\index.ts": {"path":"C:\\Users\\Guilherme Volney\\Documents\\desafio-wisepay-v2\\src\\index.ts","statementMap":{"0":{"start":{"line":1,"column":0},"end":{"line":1,"column":65}},"1":{"start":{"line":2,"column":0},"end":{"line":2,"column":34}},"2":{"start":{"line":3,"column":0},"end":{"line":3,"column":31}},"3":{"start":{"line":4,"column":0},"end":{"line":4,"column":27}},"4":{"start":{"line":6,"column":25},"end":{"line":6,"column":34}},"5":{"start":{"line":7,"column":13},"end":{"line":7,"column":37}},"6":{"start":{"line":8,"column":13},"end":{"line":8,"column":29}},"7":{"start":{"line":10,"column":0},"end":{"line":10,"column":9}},"8":{"start":{"line":12,"column":0},"end":{"line":12,"column":24}},"9":{"start":{"line":13,"column":0},"end":{"line":13,"column":48}},"10":{"start":{"line":14,"column":0},"end":{"line":14,"column":24}},"11":{"start":{"line":16,"column":0},"end":{"line":22,"column":null}},"12":{"start":{"line":17,"column":4},"end":{"line":19,"column":null}},"13":{"start":{"line":18,"column":8},"end":{"line":18,"column":64}},"14":{"start":{"line":21,"column":4},"end":{"line":21,"column":44}},"15":{"start":{"line":24,"column":0},"end":{"line":24,"column":19}}},"fnMap":{"0":{"name":"(anonymous_1)","decl":{"start":{"line":17,"column":21},"end":{"line":17,"column":24}},"loc":{"start":{"line":17,"column":26},"end":{"line":19,"column":5}}}},"branchMap":{"0":{"loc":{"start":{"line":7,"column":13},"end":{"line":7,"column":37}},"type":"binary-expr","locations":[{"start":{"line":7,"column":13},"end":{"line":7,"column":29}},{"start":{"line":7,"column":33},"end":{"line":7,"column":37}}]}},"s":{"0":1,"1":1,"2":1,"3":1,"4":1,"5":1,"6":1,"7":1,"8":1,"9":1,"10":1,"11":1,"12":1,"13":1,"14":0,"15":1},"f":{"0":1},"b":{"0":[1,0]}}
,"C:\\Users\\Guilherme Volney\\Documents\\desafio-wisepay-v2\\src\\api\\repository\\taskRepository.ts": {"path":"C:\\Users\\Guilherme Volney\\Documents\\desafio-wisepay-v2\\src\\api\\repository\\taskRepository.ts","statementMap":{"0":{"start":{"line":1,"column":0},"end":{"line":1,"column":67}},"1":{"start":{"line":3,"column":0},"end":{"line":3,"column":36}},"2":{"start":{"line":10,"column":8},"end":{"line":10,"column":30}},"3":{"start":{"line":11,"column":21},"end":{"line":11,"column":47}},"4":{"start":{"line":12,"column":8},"end":{"line":12,"column":20}},"5":{"start":{"line":16,"column":21},"end":{"line":16,"column":44}},"6":{"start":{"line":17,"column":8},"end":{"line":17,"column":20}},"7":{"start":{"line":21,"column":21},"end":{"line":21,"column":52}},"8":{"start":{"line":22,"column":28},"end":{"line":22,"column":64}},"9":{"start":{"line":23,"column":8},"end":{"line":23,"column":27}},"10":{"start":{"line":27,"column":33},"end":{"line":31,"column":10}},"11":{"start":{"line":33,"column":8},"end":{"line":35,"column":null}},"12":{"start":{"line":34,"column":12},"end":{"line":34,"column":23}},"13":{"start":{"line":37,"column":8},"end":{"line":37,"column":19}},"14":{"start":{"line":41,"column":8},"end":{"line":41,"column":36}},"15":{"start":{"line":5,"column":0},"end":{"line":5,"column":13}}},"fnMap":{"0":{"name":"(anonymous_8)","decl":{"start":{"line":7,"column":4},"end":{"line":7,"column":19}},"loc":{"start":{"line":7,"column":4},"end":{"line":7,"column":20}}},"1":{"name":"(anonymous_9)","decl":{"start":{"line":9,"column":10},"end":{"line":9,"column":16}},"loc":{"start":{"line":9,"column":35},"end":{"line":13,"column":6}}},"2":{"name":"(anonymous_11)","decl":{"start":{"line":15,"column":10},"end":{"line":15,"column":17}},"loc":{"start":{"line":15,"column":28},"end":{"line":18,"column":6}}},"3":{"name":"(anonymous_13)","decl":{"start":{"line":20,"column":10},"end":{"line":20,"column":16}},"loc":{"start":{"line":20,"column":44},"end":{"line":24,"column":null}}},"4":{"name":"(anonymous_15)","decl":{"start":{"line":26,"column":10},"end":{"line":26,"column":20}},"loc":{"start":{"line":26,"column":31},"end":{"line":38,"column":null}}},"5":{"name":"(anonymous_17)","decl":{"start":{"line":40,"column":10},"end":{"line":40,"column":16}},"loc":{"start":{"line":40,"column":16},"end":{"line":42,"column":null}}}},"branchMap":{"0":{"loc":{"start":{"line":33,"column":8},"end":{"line":35,"column":null}},"type":"if","locations":[{"start":{"line":33,"column":8},"end":{"line":35,"column":null}}]}},"s":{"0":1,"1":1,"2":2,"3":2,"4":2,"5":1,"6":1,"7":2,"8":2,"9":2,"10":2,"11":2,"12":1,"13":1,"14":2,"15":1},"f":{"0":1,"1":2,"2":1,"3":2,"4":2,"5":2},"b":{"0":[1]}}
,"C:\\Users\\Guilherme Volney\\Documents\\desafio-wisepay-v2\\src\\api\\routes\\index.ts": {"path":"C:\\Users\\Guilherme Volney\\Documents\\desafio-wisepay-v2\\src\\api\\routes\\index.ts","statementMap":{"0":{"start":{"line":1,"column":0},"end":{"line":1,"column":33}},"1":{"start":{"line":2,"column":0},"end":{"line":2,"column":33}},"2":{"start":{"line":4,"column":15},"end":{"line":4,"column":23}},"3":{"start":{"line":5,"column":0},"end":{"line":5,"column":34}},"4":{"start":{"line":7,"column":0},"end":{"line":7,"column":22}}},"fnMap":{},"branchMap":{},"s":{"0":1,"1":1,"2":1,"3":1,"4":1},"f":{},"b":{}}
,"C:\\Users\\Guilherme Volney\\Documents\\desafio-wisepay-v2\\src\\api\\routes\\task.ts": {"path":"C:\\Users\\Guilherme Volney\\Documents\\desafio-wisepay-v2\\src\\api\\routes\\task.ts","statementMap":{"0":{"start":{"line":1,"column":0},"end":{"line":1,"column":68}},"1":{"start":{"line":2,"column":0},"end":{"line":2,"column":77}},"2":{"start":{"line":3,"column":0},"end":{"line":3,"column":65}},"3":{"start":{"line":4,"column":0},"end":{"line":4,"column":68}},"4":{"start":{"line":5,"column":0},"end":{"line":5,"column":52}},"5":{"start":{"line":6,"column":0},"end":{"line":6,"column":63}},"6":{"start":{"line":7,"column":0},"end":{"line":7,"column":62}},"7":{"start":{"line":9,"column":20},"end":{"line":9,"column":28}},"8":{"start":{"line":11,"column":23},"end":{"line":11,"column":43}},"9":{"start":{"line":13,"column":0},"end":{"line":22,"column":3}},"10":{"start":{"line":13,"column":60},"end":{"line":22,"column":2}},"11":{"start":{"line":14,"column":4},"end":{"line":21,"column":null}},"12":{"start":{"line":15,"column":24},"end":{"line":15,"column":32}},"13":{"start":{"line":16,"column":27},"end":{"line":16,"column":57}},"14":{"start":{"line":17,"column":21},"end":{"line":17,"column":54}},"15":{"start":{"line":18,"column":8},"end":{"line":18,"column":42}},"16":{"start":{"line":20,"column":8},"end":{"line":20,"column":43}},"17":{"start":{"line":24,"column":0},"end":{"line":33,"column":3}},"18":{"start":{"line":24,"column":62},"end":{"line":33,"column":2}},"19":{"start":{"line":25,"column":4},"end":{"line":32,"column":null}},"20":{"start":{"line":26,"column":19},"end":{"line":26,"column":32}},"21":{"start":{"line":27,"column":28},"end":{"line":27,"column":59}},"22":{"start":{"line":28,"column":21},"end":{"line":28,"column":50}},"23":{"start":{"line":29,"column":8},"end":{"line":29,"column":42}},"24":{"start":{"line":31,"column":8},"end":{"line":31,"column":43}},"25":{"start":{"line":35,"column":0},"end":{"line":45,"column":3}},"26":{"start":{"line":35,"column":62},"end":{"line":45,"column":2}},"27":{"start":{"line":36,"column":4},"end":{"line":44,"column":null}},"28":{"start":{"line":37,"column":24},"end":{"line":37,"column":32}},"29":{"start":{"line":38,"column":8},"end":{"line":38,"column":35}},"30":{"start":{"line":39,"column":27},"end":{"line":39,"column":57}},"31":{"start":{"line":40,"column":21},"end":{"line":40,"column":54}},"32":{"start":{"line":41,"column":8},"end":{"line":41,"column":42}},"33":{"start":{"line":43,"column":8},"end":{"line":43,"column":43}},"34":{"start":{"line":47,"column":0},"end":{"line":56,"column":3}},"35":{"start":{"line":47,"column":65},"end":{"line":56,"column":2}},"36":{"start":{"line":48,"column":4},"end":{"line":55,"column":null}},"37":{"start":{"line":49,"column":19},"end":{"line":49,"column":32}},"38":{"start":{"line":50,"column":31},"end":{"line":50,"column":65}},"39":{"start":{"line":51,"column":23},"end":{"line":51,"column":55}},"40":{"start":{"line":52,"column":8},"end":{"line":52,"column":41}},"41":{"start":{"line":54,"column":8},"end":{"line":54,"column":43}},"42":{"start":{"line":58,"column":0},"end":{"line":66,"column":3}},"43":{"start":{"line":58,"column":59},"end":{"line":66,"column":2}},"44":{"start":{"line":59,"column":4},"end":{"line":65,"column":null}},"45":{"start":{"line":60,"column":28},"end":{"line":60,"column":59}},"46":{"start":{"line":61,"column":22},"end":{"line":61,"column":49}},"47":{"start":{"line":62,"column":8},"end":{"line":62,"column":43}},"48":{"start":{"line":64,"column":8},"end":{"line":64,"column":43}},"49":{"start":{"line":68,"column":0},"end":{"line":68,"column":27}}},"fnMap":{"0":{"name":"(anonymous_7)","decl":{"start":{"line":13,"column":22},"end":{"line":13,"column":29}},"loc":{"start":{"line":13,"column":60},"end":{"line":22,"column":2}}},"1":{"name":"(anonymous_8)","decl":{"start":{"line":13,"column":60},"end":{"line":13,"column":null}},"loc":{"start":{"line":13,"column":60},"end":{"line":22,"column":1}}},"2":{"name":"(anonymous_9)","decl":{"start":{"line":24,"column":24},"end":{"line":24,"column":31}},"loc":{"start":{"line":24,"column":62},"end":{"line":33,"column":2}}},"3":{"name":"(anonymous_10)","decl":{"start":{"line":24,"column":62},"end":{"line":24,"column":null}},"loc":{"start":{"line":24,"column":62},"end":{"line":33,"column":1}}},"4":{"name":"(anonymous_11)","decl":{"start":{"line":35,"column":24},"end":{"line":35,"column":31}},"loc":{"start":{"line":35,"column":62},"end":{"line":45,"column":2}}},"5":{"name":"(anonymous_12)","decl":{"start":{"line":35,"column":62},"end":{"line":35,"column":null}},"loc":{"start":{"line":35,"column":62},"end":{"line":45,"column":1}}},"6":{"name":"(anonymous_13)","decl":{"start":{"line":47,"column":27},"end":{"line":47,"column":34}},"loc":{"start":{"line":47,"column":65},"end":{"line":56,"column":2}}},"7":{"name":"(anonymous_14)","decl":{"start":{"line":47,"column":65},"end":{"line":47,"column":null}},"loc":{"start":{"line":47,"column":65},"end":{"line":56,"column":1}}},"8":{"name":"(anonymous_15)","decl":{"start":{"line":58,"column":21},"end":{"line":58,"column":28}},"loc":{"start":{"line":58,"column":59},"end":{"line":66,"column":2}}},"9":{"name":"(anonymous_16)","decl":{"start":{"line":58,"column":59},"end":{"line":58,"column":null}},"loc":{"start":{"line":58,"column":59},"end":{"line":66,"column":1}}}},"branchMap":{},"s":{"0":1,"1":1,"2":1,"3":1,"4":1,"5":1,"6":1,"7":1,"8":1,"9":1,"10":3,"11":3,"12":3,"13":3,"14":3,"15":2,"16":1,"17":1,"18":1,"19":1,"20":1,"21":1,"22":1,"23":1,"24":0,"25":1,"26":3,"27":3,"28":3,"29":3,"30":3,"31":3,"32":2,"33":1,"34":1,"35":2,"36":2,"37":2,"38":2,"39":2,"40":2,"41":0,"42":1,"43":2,"44":2,"45":2,"46":2,"47":2,"48":0,"49":1},"f":{"0":3,"1":3,"2":1,"3":1,"4":3,"5":3,"6":2,"7":2,"8":2,"9":2},"b":{}}
,"C:\\Users\\Guilherme Volney\\Documents\\desafio-wisepay-v2\\src\\api\\usecases\\useCase.ts": {"path":"C:\\Users\\Guilherme Volney\\Documents\\desafio-wisepay-v2\\src\\api\\usecases\\useCase.ts","statementMap":{"0":{"start":{"line":7,"column":8},"end":{"line":7,"column":45}},"1":{"start":{"line":3,"column":0},"end":{"line":3,"column":22}}},"fnMap":{"0":{"name":"(anonymous_0)","decl":{"start":{"line":6,"column":4},"end":{"line":6,"column":16}},"loc":{"start":{"line":6,"column":47},"end":{"line":8,"column":5}}}},"branchMap":{},"s":{"0":11,"1":1},"f":{"0":11},"b":{}}
,"C:\\Users\\Guilherme Volney\\Documents\\desafio-wisepay-v2\\src\\api\\usecases\\createTask\\createTask.ts": {"path":"C:\\Users\\Guilherme Volney\\Documents\\desafio-wisepay-v2\\src\\api\\usecases\\createTask\\createTask.ts","statementMap":{"0":{"start":{"line":1,"column":0},"end":{"line":1,"column":58}},"1":{"start":{"line":2,"column":0},"end":{"line":2,"column":37}},"2":{"start":{"line":7,"column":8},"end":{"line":9,"column":null}},"3":{"start":{"line":8,"column":12},"end":{"line":8,"column":70}},"4":{"start":{"line":11,"column":21},"end":{"line":11,"column":56}},"5":{"start":{"line":13,"column":8},"end":{"line":13,"column":20}},"6":{"start":{"line":5,"column":0},"end":{"line":5,"column":13}}},"fnMap":{"0":{"name":"(anonymous_7)","decl":{"start":{"line":6,"column":10},"end":{"line":6,"column":17}},"loc":{"start":{"line":6,"column":36},"end":{"line":14,"column":null}}}},"branchMap":{"0":{"loc":{"start":{"line":7,"column":8},"end":{"line":9,"column":null}},"type":"if","locations":[{"start":{"line":7,"column":8},"end":{"line":9,"column":null}}]}},"s":{"0":1,"1":1,"2":3,"3":1,"4":2,"5":2,"6":1},"f":{"0":3},"b":{"0":[1]}}
,"C:\\Users\\Guilherme Volney\\Documents\\desafio-wisepay-v2\\src\\api\\usecases\\deleteTaskById\\deleteTaskById.ts": {"path":"C:\\Users\\Guilherme Volney\\Documents\\desafio-wisepay-v2\\src\\api\\usecases\\deleteTaskById\\deleteTaskById.ts","statementMap":{"0":{"start":{"line":1,"column":0},"end":{"line":1,"column":37}},"1":{"start":{"line":5,"column":8},"end":{"line":5,"column":50}},"2":{"start":{"line":3,"column":0},"end":{"line":3,"column":13}}},"fnMap":{"0":{"name":"(anonymous_7)","decl":{"start":{"line":4,"column":10},"end":{"line":4,"column":17}},"loc":{"start":{"line":4,"column":28},"end":{"line":6,"column":null}}}},"branchMap":{},"s":{"0":1,"1":2,"2":1},"f":{"0":2},"b":{}}
,"C:\\Users\\Guilherme Volney\\Documents\\desafio-wisepay-v2\\src\\api\\usecases\\getAllTasks\\getAllTasks.ts": {"path":"C:\\Users\\Guilherme Volney\\Documents\\desafio-wisepay-v2\\src\\api\\usecases\\getAllTasks\\getAllTasks.ts","statementMap":{"0":{"start":{"line":2,"column":0},"end":{"line":2,"column":37}},"1":{"start":{"line":6,"column":8},"end":{"line":6,"column":44}},"2":{"start":{"line":4,"column":0},"end":{"line":4,"column":13}}},"fnMap":{"0":{"name":"(anonymous_7)","decl":{"start":{"line":5,"column":10},"end":{"line":5,"column":17}},"loc":{"start":{"line":5,"column":17},"end":{"line":7,"column":null}}}},"branchMap":{},"s":{"0":1,"1":2,"2":1},"f":{"0":2},"b":{}}
,"C:\\Users\\Guilherme Volney\\Documents\\desafio-wisepay-v2\\src\\api\\usecases\\getTaskById\\getTaskById.ts": {"path":"C:\\Users\\Guilherme Volney\\Documents\\desafio-wisepay-v2\\src\\api\\usecases\\getTaskById\\getTaskById.ts","statementMap":{"0":{"start":{"line":2,"column":0},"end":{"line":2,"column":37}},"1":{"start":{"line":7,"column":8},"end":{"line":7,"column":47}},"2":{"start":{"line":4,"column":0},"end":{"line":4,"column":13}}},"fnMap":{"0":{"name":"(anonymous_7)","decl":{"start":{"line":6,"column":10},"end":{"line":6,"column":17}},"loc":{"start":{"line":6,"column":28},"end":{"line":8,"column":null}}}},"branchMap":{},"s":{"0":1,"1":1,"2":1},"f":{"0":1},"b":{}}
,"C:\\Users\\Guilherme Volney\\Documents\\desafio-wisepay-v2\\src\\api\\usecases\\updateTask\\updateTask.ts": {"path":"C:\\Users\\Guilherme Volney\\Documents\\desafio-wisepay-v2\\src\\api\\usecases\\updateTask\\updateTask.ts","statementMap":{"0":{"start":{"line":1,"column":0},"end":{"line":1,"column":58}},"1":{"start":{"line":3,"column":0},"end":{"line":3,"column":37}},"2":{"start":{"line":7,"column":8},"end":{"line":9,"column":null}},"3":{"start":{"line":8,"column":12},"end":{"line":8,"column":70}},"4":{"start":{"line":11,"column":8},"end":{"line":11,"column":51}},"5":{"start":{"line":5,"column":0},"end":{"line":5,"column":13}}},"fnMap":{"0":{"name":"(anonymous_7)","decl":{"start":{"line":6,"column":10},"end":{"line":6,"column":17}},"loc":{"start":{"line":6,"column":36},"end":{"line":12,"column":null}}}},"branchMap":{"0":{"loc":{"start":{"line":7,"column":8},"end":{"line":9,"column":null}},"type":"if","locations":[{"start":{"line":7,"column":8},"end":{"line":9,"column":null}}]}},"s":{"0":1,"1":1,"2":3,"3":1,"4":2,"5":1},"f":{"0":3},"b":{"0":[1]}}
,"C:\\Users\\Guilherme Volney\\Documents\\desafio-wisepay-v2\\src\\db\\config.ts": {"path":"C:\\Users\\Guilherme Volney\\Documents\\desafio-wisepay-v2\\src\\db\\config.ts","statementMap":{"0":{"start":{"line":1,"column":0},"end":{"line":1,"column":38}},"1":{"start":{"line":2,"column":0},"end":{"line":2,"column":27}},"2":{"start":{"line":6,"column":0},"end":{"line":30,"column":null}},"3":{"start":{"line":7,"column":16},"end":{"line":7,"column":40}},"4":{"start":{"line":8,"column":16},"end":{"line":8,"column":40}},"5":{"start":{"line":9,"column":16},"end":{"line":9,"column":40}},"6":{"start":{"line":10,"column":20},"end":{"line":10,"column":44}},"7":{"start":{"line":11,"column":1},"end":{"line":14,"column":null}},"8":{"start":{"line":15,"column":7},"end":{"line":30,"column":null}},"9":{"start":{"line":16,"column":16},"end":{"line":16,"column":32}},"10":{"start":{"line":17,"column":16},"end":{"line":17,"column":58}},"11":{"start":{"line":18,"column":16},"end":{"line":18,"column":32}},"12":{"start":{"line":19,"column":20},"end":{"line":19,"column":86}},"13":{"start":{"line":20,"column":1},"end":{"line":29,"column":null}},"14":{"start":{"line":32,"column":0},"end":{"line":32,"column":null}}},"fnMap":{},"branchMap":{"0":{"loc":{"start":{"line":6,"column":0},"end":{"line":30,"column":null}},"type":"if","locations":[{"start":{"line":6,"column":0},"end":{"line":30,"column":null}},{"start":{"line":15,"column":7},"end":{"line":30,"column":null}}]},"1":{"loc":{"start":{"line":15,"column":7},"end":{"line":30,"column":null}},"type":"if","locations":[{"start":{"line":15,"column":7},"end":{"line":30,"column":null}}]}},"s":{"0":1,"1":1,"2":1,"3":1,"4":1,"5":1,"6":1,"7":1,"8":0,"9":0,"10":0,"11":0,"12":0,"13":0,"14":1},"f":{},"b":{"0":[1,0],"1":[0]}}
,"C:\\Users\\Guilherme Volney\\Documents\\desafio-wisepay-v2\\src\\db\\init.ts": {"path":"C:\\Users\\Guilherme Volney\\Documents\\desafio-wisepay-v2\\src\\db\\init.ts","statementMap":{"0":{"start":{"line":1,"column":0},"end":{"line":1,"column":33}},"1":{"start":{"line":3,"column":15},"end":{"line":5,"column":1}},"2":{"start":{"line":4,"column":2},"end":{"line":4,"column":14}},"3":{"start":{"line":7,"column":0},"end":{"line":7,"column":22}}},"fnMap":{"0":{"name":"(anonymous_1)","decl":{"start":{"line":3,"column":15},"end":{"line":3,"column":18}},"loc":{"start":{"line":3,"column":20},"end":{"line":5,"column":1}}}},"branchMap":{},"s":{"0":1,"1":1,"2":1,"3":1},"f":{"0":1},"b":{}}
,"C:\\Users\\Guilherme Volney\\Documents\\desafio-wisepay-v2\\src\\db\\models\\Task.ts": {"path":"C:\\Users\\Guilherme Volney\\Documents\\desafio-wisepay-v2\\src\\db\\models\\Task.ts","statementMap":{"0":{"start":{"line":1,"column":0},"end":{"line":1,"column":54}},"1":{"start":{"line":2,"column":0},"end":{"line":2,"column":43}},"2":{"start":{"line":30,"column":0},"end":{"line":63,"column":null}},"3":{"start":{"line":65,"column":0},"end":{"line":65,"column":20}}},"fnMap":{},"branchMap":{},"s":{"0":1,"1":1,"2":1,"3":1},"f":{},"b":{}}
,"C:\\Users\\Guilherme Volney\\Documents\\desafio-wisepay-v2\\src\\utils\\consts.ts": {"path":"C:\\Users\\Guilherme Volney\\Documents\\desafio-wisepay-v2\\src\\utils\\consts.ts","statementMap":{"0":{"start":{"line":1,"column":13},"end":{"line":7,"column":null}}},"fnMap":{},"branchMap":{},"s":{"0":1},"f":{},"b":{}}
,"C:\\Users\\Guilherme Volney\\Documents\\desafio-wisepay-v2\\src\\utils\\geocoding.ts": {"path":"C:\\Users\\Guilherme Volney\\Documents\\desafio-wisepay-v2\\src\\utils\\geocoding.ts","statementMap":{"0":{"start":{"line":1,"column":14},"end":{"line":1,"column":30}},"1":{"start":{"line":3,"column":30},"end":{"line":11,"column":null}},"2":{"start":{"line":3,"column":94},"end":{"line":11,"column":null}},"3":{"start":{"line":4,"column":21},"end":{"line":4,"column":67}},"4":{"start":{"line":6,"column":4},"end":{"line":8,"column":null}},"5":{"start":{"line":7,"column":8},"end":{"line":7,"column":20}},"6":{"start":{"line":10,"column":4},"end":{"line":10,"column":17}},"7":{"start":{"line":3,"column":13},"end":{"line":3,"column":30}},"8":{"start":{"line":13,"column":35},"end":{"line":19,"column":1}},"9":{"start":{"line":14,"column":4},"end":{"line":17,"column":11}},"10":{"start":{"line":16,"column":12},"end":{"line":16,"column":50}},"11":{"start":{"line":13,"column":13},"end":{"line":13,"column":35}}},"fnMap":{"0":{"name":"(anonymous_7)","decl":{"start":{"line":3,"column":30},"end":{"line":3,"column":37}},"loc":{"start":{"line":3,"column":94},"end":{"line":11,"column":null}}},"1":{"name":"(anonymous_8)","decl":{"start":{"line":3,"column":94},"end":{"line":3,"column":null}},"loc":{"start":{"line":3,"column":94},"end":{"line":11,"column":1}}},"2":{"name":"(anonymous_9)","decl":{"start":{"line":13,"column":35},"end":{"line":13,"column":36}},"loc":{"start":{"line":13,"column":89},"end":{"line":19,"column":1}}},"3":{"name":"(anonymous_10)","decl":{"start":{"line":15,"column":14},"end":{"line":15,"column":15}},"loc":{"start":{"line":15,"column":43},"end":{"line":17,"column":9}}}},"branchMap":{"0":{"loc":{"start":{"line":6,"column":4},"end":{"line":8,"column":null}},"type":"if","locations":[{"start":{"line":6,"column":4},"end":{"line":8,"column":null}}]},"1":{"loc":{"start":{"line":6,"column":8},"end":{"line":6,"column":72}},"type":"binary-expr","locations":[{"start":{"line":6,"column":8},"end":{"line":6,"column":38}},{"start":{"line":6,"column":42},"end":{"line":6,"column":72}}]},"2":{"loc":{"start":{"line":6,"column":8},"end":{"line":6,"column":25}},"type":"cond-expr","locations":[{"start":{"line":6,"column":12},"end":{"line":6,"column":15}},{"start":{"line":6,"column":8},"end":{"line":6,"column":25}}]},"3":{"loc":{"start":{"line":6,"column":8},"end":{"line":6,"column":15}},"type":"binary-expr","locations":[{"start":{"line":6,"column":8},"end":{"line":6,"column":15}},{"start":{"line":6,"column":8},"end":{"line":6,"column":15}}]},"4":{"loc":{"start":{"line":6,"column":42},"end":{"line":6,"column":59}},"type":"cond-expr","locations":[{"start":{"line":6,"column":46},"end":{"line":6,"column":49}},{"start":{"line":6,"column":42},"end":{"line":6,"column":59}}]},"5":{"loc":{"start":{"line":6,"column":42},"end":{"line":6,"column":49}},"type":"binary-expr","locations":[{"start":{"line":6,"column":42},"end":{"line":6,"column":49}},{"start":{"line":6,"column":42},"end":{"line":6,"column":49}}]}},"s":{"0":1,"1":1,"2":6,"3":6,"4":6,"5":4,"6":2,"7":1,"8":1,"9":6,"10":6,"11":1},"f":{"0":6,"1":6,"2":6,"3":6},"b":{"0":[4],"1":[6,4],"2":[0,6],"3":[6,6],"4":[0,4],"5":[4,4]}}
}
