TN:
SF:src\index.ts
FN:17,(anonymous_1)
FNF:1
FNH:1
FNDA:1,(anonymous_1)
DA:1,1
DA:2,1
DA:3,1
DA:4,1
DA:6,1
DA:7,1
DA:8,1
DA:10,1
DA:12,1
DA:13,1
DA:14,1
DA:16,1
DA:17,1
DA:18,1
DA:21,0
DA:24,1
LF:16
LH:15
BRDA:7,0,0,1
BRDA:7,0,1,0
BRF:2
BRH:1
end_of_record
TN:
SF:src\api\repository\taskRepository.ts
FN:7,(anonymous_8)
FN:9,(anonymous_9)
FN:15,(anonymous_11)
FN:20,(anonymous_13)
FN:26,(anonymous_15)
FN:40,(anonymous_17)
FNF:6
FNH:6
FNDA:1,(anonymous_8)
FNDA:2,(anonymous_9)
FNDA:1,(anonymous_11)
FNDA:2,(anonymous_13)
FNDA:2,(anonymous_15)
FNDA:2,(anonymous_17)
DA:1,1
DA:3,1
DA:5,1
DA:10,2
DA:11,2
DA:12,2
DA:16,1
DA:17,1
DA:21,2
DA:22,2
DA:23,2
DA:27,2
DA:33,2
DA:34,1
DA:37,1
DA:41,2
LF:16
LH:16
BRDA:33,0,0,1
BRF:1
BRH:1
end_of_record
TN:
SF:src\api\routes\index.ts
FNF:0
FNH:0
DA:1,1
DA:2,1
DA:4,1
DA:5,1
DA:7,1
LF:5
LH:5
BRF:0
BRH:0
end_of_record
TN:
SF:src\api\routes\task.ts
FN:13,(anonymous_7)
FN:13,(anonymous_8)
FN:24,(anonymous_9)
FN:24,(anonymous_10)
FN:35,(anonymous_11)
FN:35,(anonymous_12)
FN:47,(anonymous_13)
FN:47,(anonymous_14)
FN:58,(anonymous_15)
FN:58,(anonymous_16)
FNF:10
FNH:10
FNDA:3,(anonymous_7)
FNDA:3,(anonymous_8)
FNDA:1,(anonymous_9)
FNDA:1,(anonymous_10)
FNDA:3,(anonymous_11)
FNDA:3,(anonymous_12)
FNDA:2,(anonymous_13)
FNDA:2,(anonymous_14)
FNDA:2,(anonymous_15)
FNDA:2,(anonymous_16)
DA:1,1
DA:2,1
DA:3,1
DA:4,1
DA:5,1
DA:6,1
DA:7,1
DA:9,1
DA:11,1
DA:13,3
DA:14,3
DA:15,3
DA:16,3
DA:17,3
DA:18,2
DA:20,1
DA:24,1
DA:25,1
DA:26,1
DA:27,1
DA:28,1
DA:29,1
DA:31,0
DA:35,3
DA:36,3
DA:37,3
DA:38,3
DA:39,3
DA:40,3
DA:41,2
DA:43,1
DA:47,2
DA:48,2
DA:49,2
DA:50,2
DA:51,2
DA:52,2
DA:54,0
DA:58,2
DA:59,2
DA:60,2
DA:61,2
DA:62,2
DA:64,0
DA:68,1
LF:45
LH:42
BRF:0
BRH:0
end_of_record
TN:
SF:src\api\usecases\useCase.ts
FN:6,(anonymous_0)
FNF:1
FNH:1
FNDA:11,(anonymous_0)
DA:3,1
DA:7,11
LF:2
LH:2
BRF:0
BRH:0
end_of_record
TN:
SF:src\api\usecases\createTask\createTask.ts
FN:6,(anonymous_7)
FNF:1
FNH:1
FNDA:3,(anonymous_7)
DA:1,1
DA:2,1
DA:5,1
DA:7,3
DA:8,1
DA:11,2
DA:13,2
LF:7
LH:7
BRDA:7,0,0,1
BRF:1
BRH:1
end_of_record
TN:
SF:src\api\usecases\deleteTaskById\deleteTaskById.ts
FN:4,(anonymous_7)
FNF:1
FNH:1
FNDA:2,(anonymous_7)
DA:1,1
DA:3,1
DA:5,2
LF:3
LH:3
BRF:0
BRH:0
end_of_record
TN:
SF:src\api\usecases\getAllTasks\getAllTasks.ts
FN:5,(anonymous_7)
FNF:1
FNH:1
FNDA:2,(anonymous_7)
DA:2,1
DA:4,1
DA:6,2
LF:3
LH:3
BRF:0
BRH:0
end_of_record
TN:
SF:src\api\usecases\getTaskById\getTaskById.ts
FN:6,(anonymous_7)
FNF:1
FNH:1
FNDA:1,(anonymous_7)
DA:2,1
DA:4,1
DA:7,1
LF:3
LH:3
BRF:0
BRH:0
end_of_record
TN:
SF:src\api\usecases\updateTask\updateTask.ts
FN:6,(anonymous_7)
FNF:1
FNH:1
FNDA:3,(anonymous_7)
DA:1,1
DA:3,1
DA:5,1
DA:7,3
DA:8,1
DA:11,2
LF:6
LH:6
BRDA:7,0,0,1
BRF:1
BRH:1
end_of_record
TN:
SF:src\db\config.ts
FNF:0
FNH:0
DA:1,1
DA:2,1
DA:6,1
DA:7,1
DA:8,1
DA:9,1
DA:10,1
DA:11,1
DA:15,0
DA:16,0
DA:17,0
DA:18,0
DA:19,0
DA:20,0
DA:32,1
LF:15
LH:9
BRDA:6,0,0,1
BRDA:6,0,1,0
BRDA:15,1,0,0
BRF:3
BRH:1
end_of_record
TN:
SF:src\db\init.ts
FN:3,(anonymous_1)
FNF:1
FNH:1
FNDA:1,(anonymous_1)
DA:1,1
DA:3,1
DA:4,1
DA:7,1
LF:4
LH:4
BRF:0
BRH:0
end_of_record
TN:
SF:src\db\models\Task.ts
FNF:0
FNH:0
DA:1,1
DA:2,1
DA:30,1
DA:65,1
LF:4
LH:4
BRF:0
BRH:0
end_of_record
TN:
SF:src\utils\consts.ts
FNF:0
FNH:0
DA:1,1
LF:1
LH:1
BRF:0
BRH:0
end_of_record
TN:
SF:src\utils\geocoding.ts
FN:3,(anonymous_7)
FN:3,(anonymous_8)
FN:13,(anonymous_9)
FN:15,(anonymous_10)
FNF:4
FNH:4
FNDA:6,(anonymous_7)
FNDA:6,(anonymous_8)
FNDA:6,(anonymous_9)
FNDA:6,(anonymous_10)
DA:1,1
DA:3,6
DA:4,6
DA:6,6
DA:7,4
DA:10,2
DA:13,1
DA:14,6
DA:16,6
LF:9
LH:9
BRDA:6,0,0,4
BRDA:6,1,0,6
BRDA:6,1,1,4
BRDA:6,2,0,0
BRDA:6,2,1,6
BRDA:6,3,0,6
BRDA:6,3,1,6
BRDA:6,4,0,0
BRDA:6,4,1,4
BRDA:6,5,0,4
BRDA:6,5,1,4
BRF:11
BRH:9
end_of_record
